<?xml version="1.0" encoding="UTF-8"?>
<!-- Generated by org.testng.reporters.JUnitReportReporter -->
<testsuite skipped="0" hostname="Keyutechs-MacBook-Pro.local" name="com.EnvelopeFinance_API.GET_plan_settings" tests="1" failures="0" timestamp="2021-06-09T12:07:12 IST" time="0.921" errors="0">
  <testcase name="getplan_settings" time="0.921" classname="com.EnvelopeFinance_API.GET_plan_settings"/>
  <system-out/>
</testsuite> <!-- com.EnvelopeFinance_API.GET_plan_settings -->
