<?xml version="1.0" encoding="UTF-8"?>
<!-- Generated by org.testng.reporters.JUnitReportReporter -->
<testsuite skipped="0" hostname="Keyutechs-MacBook-Pro.local" name="com.EnvelopeFinance_API.GET_config" tests="1" failures="0" timestamp="2021-06-09T12:07:12 IST" time="0.783" errors="0">
  <testcase name="getconfig" time="0.783" classname="com.EnvelopeFinance_API.GET_config"/>
  <system-out/>
</testsuite> <!-- com.EnvelopeFinance_API.GET_config -->
