<?xml version="1.0" encoding="UTF-8"?>
<!-- Generated by org.testng.reporters.JUnitReportReporter -->
<testsuite skipped="0" hostname="Keyutechs-MacBook-Pro.local" name="com.EnvelopeFinance_API.GET_credit_card_details" tests="1" failures="0" timestamp="2021-06-09T12:07:12 IST" time="0.959" errors="0">
  <testcase name="getcreditcarddetails" time="0.959" classname="com.EnvelopeFinance_API.GET_credit_card_details"/>
  <system-out/>
</testsuite> <!-- com.EnvelopeFinance_API.GET_credit_card_details -->
