<?xml version="1.0" encoding="UTF-8"?>
<!-- Generated by org.testng.reporters.JUnitReportReporter -->
<testsuite skipped="0" hostname="Keyutechs-MacBook-Pro.local" name="com.EnvelopeFinance_API.getotp" tests="1" failures="0" timestamp="2021-06-04T15:48:40 IST" time="3.126" errors="0">
  <testcase name="GetOTP" time="3.126" classname="com.EnvelopeFinance_API.getotp"/>
  <system-out/>
</testsuite> <!-- com.EnvelopeFinance_API.getotp -->
